# JRE version: OpenJDK Runtime Environment Temurin-17.0.17+10 (17.0.17+10) (build 17.0.17+10)
# Java VM: OpenJDK 64-Bit Server VM Temurin-17.0.17+10 (17.0.17+10, mixed mode, sharing, tiered, compressed oops, compressed class ptrs, g1 gc, windows-amd64)
GC Precious Log:
 CPUs: 4 total, 4 available
 Memory: 24456M
 Large Page Support: Disabled
 NUMA Support: Disabled
 Compressed Oops: Enabled (32-bit)
 Heap Region Size: 1M
 Heap Min Capacity: 8M
 Heap Initial Capacity: 384M
 Heap Max Capacity: 1536M
 Pre-touch: Disabled
 Parallel Workers: 4
 Concurrent Workers: 1
 Concurrent Refinement Workers: 4
 Periodic GC: Disabled
Heap:
 garbage-first heap   total 263168K, used 213559K [0x00000000a0000000, 0x0000000100000000)
  region size 1024K, 50 young (51200K), 4 survivors (4096K)
 Metaspace       used 89785K, committed 90944K, reserved 1179648K
  class space    used 12573K, committed 13120K, reserved 1048576K
GC Heap History (20 events):
Event: 63.611 GC heap after
{Heap after GC invocations=46 (full 0):
 garbage-first heap   total 194560K, used 143399K [0x00000000a0000000, 0x0000000100000000)
  region size 1024K, 3 young (3072K), 3 survivors (3072K)
 Metaspace       used 88684K, committed 89664K, reserved 1179648K
  class space    used 12430K, committed 12864K, reserved 1048576K
}
Event: 63.871 GC heap before
{Heap before GC invocations=46 (full 0):
 garbage-first heap   total 194560K, used 164903K [0x00000000a0000000, 0x0000000100000000)
  region size 1024K, 24 young (24576K), 3 survivors (3072K)
 Metaspace       used 88685K, committed 89664K, reserved 1179648K
  class space    used 12430K, committed 12864K, reserved 1048576K
}
Event: 63.876 GC heap after
{Heap after GC invocations=47 (full 0):
 garbage-first heap   total 194560K, used 143797K [0x00000000a0000000, 0x0000000100000000)
  region size 1024K, 3 young (3072K), 3 survivors (3072K)
 Metaspace       used 88685K, committed 89664K, reserved 1179648K
  class space    used 12430K, committed 12864K, reserved 1048576K
}
Event: 64.108 GC heap before
{Heap before GC invocations=47 (full 0):
 garbage-first heap   total 194560K, used 166325K [0x00000000a0000000, 0x0000000100000000)
  region size 1024K, 25 young (25600K), 3 survivors (3072K)
 Metaspace       used 88685K, committed 89664K, reserved 1179648K
  class space    used 12430K, committed 12864K, reserved 1048576K
}
Event: 64.112 GC heap after
{Heap after GC invocations=48 (full 0):
 garbage-first heap   total 194560K, used 144374K [0x00000000a0000000, 0x0000000100000000)
  region size 1024K, 3 young (3072K), 3 survivors (3072K)
 Metaspace       used 88685K, committed 89664K, reserved 1179648K
  class space    used 12430K, committed 12864K, reserved 1048576K
}
Event: 64.838 GC heap before
{Heap before GC invocations=48 (full 0):
 garbage-first heap   total 194560K, used 168950K [0x00000000a0000000, 0x0000000100000000)
  region size 1024K, 24 young (24576K), 3 survivors (3072K)
 Metaspace       used 89089K, committed 90112K, reserved 1179648K
  class space    used 12494K, committed 12992K, reserved 1048576K
}
Event: 64.847 GC heap after
{Heap after GC invocations=49 (full 0):
 garbage-first heap   total 194560K, used 153286K [0x00000000a0000000, 0x0000000100000000)
  region size 1024K, 3 young (3072K), 3 survivors (3072K)
 Metaspace       used 89089K, committed 90112K, reserved 1179648K
  class space    used 12494K, committed 12992K, reserved 1048576K
}
Event: 65.253 GC heap before
{Heap before GC invocations=49 (full 0):
 garbage-first heap   total 194560K, used 165574K [0x00000000a0000000, 0x0000000100000000)
  region size 1024K, 15 young (15360K), 3 survivors (3072K)
 Metaspace       used 89294K, committed 90304K, reserved 1179648K
  class space    used 12519K, committed 12992K, reserved 1048576K
}
Event: 65.259 GC heap after
{Heap after GC invocations=50 (full 0):
 garbage-first heap   total 194560K, used 154982K [0x00000000a0000000, 0x0000000100000000)
  region size 1024K, 2 young (2048K), 2 survivors (2048K)
 Metaspace       used 89294K, committed 90304K, reserved 1179648K
  class space    used 12519K, committed 12992K, reserved 1048576K
}
Event: 66.210 GC heap before
{Heap before GC invocations=51 (full 0):
 garbage-first heap   total 263168K, used 164198K [0x00000000a0000000, 0x0000000100000000)
  region size 1024K, 12 young (12288K), 2 survivors (2048K)
 Metaspace       used 89502K, committed 90624K, reserved 1179648K
  class space    used 12540K, committed 13056K, reserved 1048576K
}
Event: 66.218 GC heap after
{Heap after GC invocations=52 (full 0):
 garbage-first heap   total 263168K, used 156786K [0x00000000a0000000, 0x0000000100000000)
  region size 1024K, 2 young (2048K), 2 survivors (2048K)
 Metaspace       used 89502K, committed 90624K, reserved 1179648K
  class space    used 12540K, committed 13056K, reserved 1048576K
}
Event: 66.466 GC heap before
{Heap before GC invocations=52 (full 0):
 garbage-first heap   total 263168K, used 167026K [0x00000000a0000000, 0x0000000100000000)
  region size 1024K, 12 young (12288K), 2 survivors (2048K)
 Metaspace       used 89570K, committed 90688K, reserved 1179648K
  class space    used 12545K, committed 13056K, reserved 1048576K
}
Event: 66.475 GC heap after
{Heap after GC invocations=53 (full 0):
 garbage-first heap   total 263168K, used 154094K [0x00000000a0000000, 0x0000000100000000)
  region size 1024K, 2 young (2048K), 2 survivors (2048K)
 Metaspace       used 89570K, committed 90688K, reserved 1179648K
  class space    used 12545K, committed 13056K, reserved 1048576K
}
Event: 67.094 GC heap before
{Heap before GC invocations=53 (full 0):
 garbage-first heap   total 263168K, used 202222K [0x00000000a0000000, 0x0000000100000000)
  region size 1024K, 50 young (51200K), 2 survivors (2048K)
 Metaspace       used 89572K, committed 90688K, reserved 1179648K
  class space    used 12545K, committed 13056K, reserved 1048576K
}
Event: 67.101 GC heap after
{Heap after GC invocations=54 (full 0):
 garbage-first heap   total 263168K, used 156338K [0x00000000a0000000, 0x0000000100000000)
  region size 1024K, 5 young (5120K), 5 survivors (5120K)
 Metaspace       used 89572K, committed 90688K, reserved 1179648K
  class space    used 12545K, committed 13056K, reserved 1048576K
}
Event: 67.552 GC heap before
{Heap before GC invocations=54 (full 0):
 garbage-first heap   total 263168K, used 208562K [0x00000000a0000000, 0x0000000100000000)
  region size 1024K, 54 young (55296K), 5 survivors (5120K)
 Metaspace       used 89623K, committed 90752K, reserved 1179648K
  class space    used 12553K, committed 13056K, reserved 1048576K
}
Event: 67.561 GC heap after
{Heap after GC invocations=55 (full 0):
 garbage-first heap   total 263168K, used 163221K [0x00000000a0000000, 0x0000000100000000)
  region size 1024K, 7 young (7168K), 7 survivors (7168K)
 Metaspace       used 89623K, committed 90752K, reserved 1179648K
  class space    used 12553K, committed 13056K, reserved 1048576K
}
Event: 68.554 GC heap before
{Heap before GC invocations=55 (full 0):
 garbage-first heap   total 263168K, used 210325K [0x00000000a0000000, 0x0000000100000000)
  region size 1024K, 54 young (55296K), 7 survivors (7168K)
 Metaspace       used 89785K, committed 90944K, reserved 1179648K
  class space    used 12573K, committed 13120K, reserved 1048576K
}
Event: 68.566 GC heap after
{Heap after GC invocations=56 (full 0):
 garbage-first heap   total 263168K, used 166455K [0x00000000a0000000, 0x0000000100000000)
  region size 1024K, 7 young (7168K), 7 survivors (7168K)
 Metaspace       used 89785K, committed 90944K, reserved 1179648K
  class space    used 12573K, committed 13120K, reserved 1048576K
}
Event: 69.217 GC heap before
{Heap before GC invocations=56 (full 0):
 garbage-first heap   total 263168K, used 212535K [0x00000000a0000000, 0x0000000100000000)
  region size 1024K, 53 young (54272K), 7 survivors (7168K)
 Metaspace       used 89785K, committed 90944K, reserved 1179648K
  class space    used 12573K, committed 13120K, reserved 1048576K
}

